<?xml version="1.0" encoding="UTF-8"?><testsuite errors="0" failures="0" name="com.restful.booker.crudtest.CRUDTest" skipped="0" tests="6" time="10.54" timestamp="2023-06-07T22:46:22.951+01:00[Europe/London]"><testcase classname="com.restful.booker.crudtest.CRUDTest" name="Creating token."/><testcase classname="com.restful.booker.crudtest.CRUDTest" name="Creating booking and verifying booking created."/><testcase classname="com.restful.booker.crudtest.CRUDTest" name="Getting All IDs."/><testcase classname="com.restful.booker.crudtest.CRUDTest" name="Getting Single ID."/><testcase classname="com.restful.booker.crudtest.CRUDTest" name="Updating Single ID."/><testcase classname="com.restful.booker.crudtest.CRUDTest" name="Deleting the ID and verifying deletion."/></testsuite>